#-----------------------------------------------------------
# Vivado v2023.2 (64-bit)
# SW Build 4029153 on Fri Oct 13 20:13:54 MDT 2023
# IP Build 4028589 on Sat Oct 14 00:45:43 MDT 2023
# SharedData Build 4025554 on Tue Oct 10 17:18:54 MDT 2023
# Start of session at: Thu Mar  6 14:34:04 2025
# Process ID: 550718
# Current directory: /mnt/TDG_512/projects/6_zub/scripts
# Command line: vivado -mode batch -source tcl/bd_gen.tcl -nojournal -notrace -tclargs ../hdl xczu1cg-sbva484-1-e ../bd PRJ0 top_bd top_bd {zub_cfg} ../ip
# Log file: /mnt/TDG_512/projects/6_zub/scripts/vivado.log
# Journal file: 
# Running On: tony-MS-7693, OS: Linux, CPU Frequency: 4198.355 MHz, CPU Physical cores: 8, Host memory: 33601 MB
#-----------------------------------------------------------
source tcl/bd_gen.tcl -notrace
INFO: [Coretcl 2-1500] The part has been set to 'xczu1cg-sbva484-1-e' for the current project only. Run set_part -help for more details. To evaluate different speed grades in the current design, use the set_speed_grade command, or use the open_checkpoint -part command to change the part used by an existing checkpoint design.
set_part: Time (s): cpu = 00:00:11 ; elapsed = 00:00:11 . Memory (MB): peak = 1311.410 ; gain = 0.023 ; free physical = 3080 ; free virtual = 57657
WARNING: [Vivado 12-818] No files matched '.srcs/sources_1/bd/zub_cfg/zub_cfg.bd'
INFO: [Project 1-1716] Could not find the wrapper file /mnt/TDG_512/projects/6_zub/scripts/.gen/sources_1/bd/zub_cfg/hdl/zub_cfg_wrapper.v, checking in project .gen location instead.
ERROR: [Common 17-69] Command failed: File '/mnt/TDG_512/projects/6_zub/scripts/.gen/sources_1/bd/zub_cfg/hdl/zub_cfg_wrapper.v' does not exist
INFO: [Common 17-206] Exiting Vivado at Thu Mar  6 14:34:19 2025...
