Copyright 1986-2022 Xilinx, Inc. All Rights Reserved. Copyright 2022-2023 Advanced Micro Devices, Inc. All Rights Reserved.
---------------------------------------------------------------------------------------------------------------------------------------------
| Tool Version : Vivado v.2023.2 (lin64) Build 4029153 Fri Oct 13 20:13:54 MDT 2023
| Date         : Thu Mar  6 14:45:39 2025
| Host         : tony-MS-7693 running 64-bit Ubuntu 22.04.5 LTS
| Command      : report_utilization -file ../output_products/dcp/utilization_top_route.rpt
| Design       : top_io
| Device       : xczu1cg-sbva484-1-e
| Speed File   : -1
| Design State : Routed
---------------------------------------------------------------------------------------------------------------------------------------------

Utilization Design Information

Table of Contents
-----------------
1. CLB Logic
1.1 Summary of Registers by Type
2. CLB Logic Distribution
3. BLOCKRAM
4. ARITHMETIC
5. I/O
6. CLOCK
7. ADVANCED
8. CONFIGURATION
9. Primitives
10. Black Boxes
11. Instantiated Netlists

1. CLB Logic
------------

+----------------------------+------+-------+------------+-----------+-------+
|          Site Type         | Used | Fixed | Prohibited | Available | Util% |
+----------------------------+------+-------+------------+-----------+-------+
| CLB LUTs                   | 1018 |     0 |          0 |     37440 |  2.72 |
|   LUT as Logic             | 1016 |     0 |          0 |     37440 |  2.71 |
|   LUT as Memory            |    2 |     0 |          0 |     15840 |  0.01 |
|     LUT as Distributed RAM |    0 |     0 |            |           |       |
|     LUT as Shift Register  |    2 |     0 |            |           |       |
| CLB Registers              | 1685 |     0 |          0 |     74880 |  2.25 |
|   Register as Flip Flop    | 1685 |     0 |          0 |     74880 |  2.25 |
|   Register as Latch        |    0 |     0 |          0 |     74880 |  0.00 |
| CARRY8                     |    6 |     0 |          0 |      4680 |  0.13 |
| F7 Muxes                   |  132 |     0 |          0 |     18720 |  0.71 |
| F8 Muxes                   |    0 |     0 |          0 |      9360 |  0.00 |
| F9 Muxes                   |    0 |     0 |          0 |      4680 |  0.00 |
+----------------------------+------+-------+------------+-----------+-------+
* Warning! LUT value is adjusted to account for LUT combining.


1.1 Summary of Registers by Type
--------------------------------

+-------+--------------+-------------+--------------+
| Total | Clock Enable | Synchronous | Asynchronous |
+-------+--------------+-------------+--------------+
| 0     |            _ |           - |            - |
| 0     |            _ |           - |          Set |
| 0     |            _ |           - |        Reset |
| 0     |            _ |         Set |            - |
| 0     |            _ |       Reset |            - |
| 0     |          Yes |           - |            - |
| 0     |          Yes |           - |          Set |
| 27    |          Yes |           - |        Reset |
| 19    |          Yes |         Set |            - |
| 1639  |          Yes |       Reset |            - |
+-------+--------------+-------------+--------------+


2. CLB Logic Distribution
-------------------------

+--------------------------------------------+------+-------+------------+-----------+-------+
|                  Site Type                 | Used | Fixed | Prohibited | Available | Util% |
+--------------------------------------------+------+-------+------------+-----------+-------+
| CLB                                        |  282 |     0 |          0 |      4680 |  6.03 |
|   CLBL                                     |  181 |     0 |            |           |       |
|   CLBM                                     |  101 |     0 |            |           |       |
| LUT as Logic                               | 1016 |     0 |          0 |     37440 |  2.71 |
|   using O5 output only                     |   25 |       |            |           |       |
|   using O6 output only                     |  762 |       |            |           |       |
|   using O5 and O6                          |  229 |       |            |           |       |
| LUT as Memory                              |    2 |     0 |          0 |     15840 |  0.01 |
|   LUT as Distributed RAM                   |    0 |     0 |            |           |       |
|   LUT as Shift Register                    |    2 |     0 |            |           |       |
|     using O5 output only                   |    0 |       |            |           |       |
|     using O6 output only                   |    2 |       |            |           |       |
|     using O5 and O6                        |    0 |       |            |           |       |
| CLB Registers                              | 1685 |     0 |          0 |     74880 |  2.25 |
|   Register driven from within the CLB      |  394 |       |            |           |       |
|   Register driven from outside the CLB     | 1291 |       |            |           |       |
|     LUT in front of the register is unused |  668 |       |            |           |       |
|     LUT in front of the register is used   |  623 |       |            |           |       |
| Unique Control Sets                        |  170 |       |          0 |      9360 |  1.82 |
+--------------------------------------------+------+-------+------------+-----------+-------+
* * Note: Available Control Sets calculated as Slices * 2, Review the Control Sets Report for more information regarding control sets.


3. BLOCKRAM
-----------

+----------------+------+-------+------------+-----------+-------+
|    Site Type   | Used | Fixed | Prohibited | Available | Util% |
+----------------+------+-------+------------+-----------+-------+
| Block RAM Tile |    0 |     0 |          0 |       108 |  0.00 |
|   RAMB36/FIFO* |    0 |     0 |          0 |       108 |  0.00 |
|   RAMB18       |    0 |     0 |          0 |       216 |  0.00 |
+----------------+------+-------+------------+-----------+-------+
* Note: Each Block RAM Tile only has one FIFO logic available and therefore can accommodate only one FIFO36E2 or one FIFO18E2. However, if a FIFO18E2 occupies a Block RAM Tile, that tile can still accommodate a RAMB18E2


4. ARITHMETIC
-------------

+-----------+------+-------+------------+-----------+-------+
| Site Type | Used | Fixed | Prohibited | Available | Util% |
+-----------+------+-------+------------+-----------+-------+
| DSPs      |    0 |     0 |          0 |       216 |  0.00 |
+-----------+------+-------+------------+-----------+-------+


5. I/O
------

+------------------+------+-------+------------+-----------+-------+
|     Site Type    | Used | Fixed | Prohibited | Available | Util% |
+------------------+------+-------+------------+-----------+-------+
| Bonded IOB       |    6 |     6 |          0 |        82 |  7.32 |
| HPIOB_M          |    0 |     0 |          0 |        26 |  0.00 |
| HPIOB_S          |    0 |     0 |          0 |        26 |  0.00 |
| HDIOB_M          |    1 |     1 |          0 |        12 |  8.33 |
|   INPUT          |    0 |       |            |           |       |
|   OUTPUT         |    1 |       |            |           |       |
|   BIDIR          |    0 |       |            |           |       |
| HDIOB_S          |    2 |     2 |          0 |        12 | 16.67 |
|   INPUT          |    0 |       |            |           |       |
|   OUTPUT         |    2 |       |            |           |       |
|   BIDIR          |    0 |       |            |           |       |
| HPIOB_SNGL       |    3 |     3 |          0 |         6 | 50.00 |
|   INPUT          |    0 |       |            |           |       |
|   OUTPUT         |    3 |       |            |           |       |
|   BIDIR          |    0 |       |            |           |       |
| HPIOBDIFFINBUF   |    0 |     0 |          0 |        72 |  0.00 |
| HPIOBDIFFOUTBUF  |    0 |     0 |          0 |        72 |  0.00 |
| HDIOBDIFFINBUF   |    0 |     0 |          0 |        12 |  0.00 |
| BITSLICE_CONTROL |    0 |     0 |          0 |        24 |  0.00 |
| BITSLICE_RX_TX   |    0 |     0 |          0 |       936 |  0.00 |
| BITSLICE_TX      |    0 |     0 |          0 |        24 |  0.00 |
| RIU_OR           |    0 |     0 |          0 |        12 |  0.00 |
+------------------+------+-------+------------+-----------+-------+


6. CLOCK
--------

+----------------------+------+-------+------------+-----------+-------+
|       Site Type      | Used | Fixed | Prohibited | Available | Util% |
+----------------------+------+-------+------------+-----------+-------+
| GLOBAL CLOCK BUFFERs |    1 |     0 |          0 |       184 |  0.54 |
|   BUFGCE             |    0 |     0 |          0 |        76 |  0.00 |
|   BUFGCE_DIV         |    0 |     0 |          0 |        12 |  0.00 |
|   BUFG_PS            |    1 |     0 |          0 |        72 |  1.39 |
|   BUFGCTRL*          |    0 |     0 |          0 |        24 |  0.00 |
| PLL                  |    0 |     0 |          0 |         6 |  0.00 |
| MMCM                 |    0 |     0 |          0 |         3 |  0.00 |
+----------------------+------+-------+------------+-----------+-------+
* Note: Each used BUFGCTRL counts as two GLOBAL CLOCK BUFFERs. This table does not include global clocking resources, only buffer cell usage. See the Clock Utilization Report (report_clock_utilization) for detailed accounting of global clocking resource availability.


7. ADVANCED
-----------

+-----------+------+-------+------------+-----------+--------+
| Site Type | Used | Fixed | Prohibited | Available |  Util% |
+-----------+------+-------+------------+-----------+--------+
| PS8       |    1 |     0 |          0 |         1 | 100.00 |
| SYSMONE4  |    0 |     0 |          0 |         1 |   0.00 |
+-----------+------+-------+------------+-----------+--------+


8. CONFIGURATION
----------------

+-------------+------+-------+------------+-----------+-------+
|  Site Type  | Used | Fixed | Prohibited | Available | Util% |
+-------------+------+-------+------------+-----------+-------+
| BSCANE2     |    0 |     0 |          0 |         4 |  0.00 |
| DNA_PORTE2  |    0 |     0 |          0 |         1 |  0.00 |
| EFUSE_USR   |    0 |     0 |          0 |         1 |  0.00 |
| FRAME_ECCE4 |    0 |     0 |          0 |         1 |  0.00 |
| ICAPE3      |    0 |     0 |          0 |         2 |  0.00 |
| MASTER_JTAG |    0 |     0 |          0 |         1 |  0.00 |
| STARTUPE3   |    0 |     0 |          0 |         1 |  0.00 |
+-------------+------+-------+------------+-----------+-------+


9. Primitives
-------------

+--------------+------+---------------------+
|   Ref Name   | Used | Functional Category |
+--------------+------+---------------------+
| FDRE         | 1639 |            Register |
| LUT6         |  584 |                 CLB |
| LUT2         |  225 |                 CLB |
| LUT5         |  156 |                 CLB |
| MUXF7        |  132 |                 CLB |
| LUT3         |  132 |                 CLB |
| LUT4         |  116 |                 CLB |
| LUT1         |   32 |                 CLB |
| FDCE         |   27 |            Register |
| FDSE         |   19 |            Register |
| OBUF         |    6 |                 I/O |
| CARRY8       |    6 |                 CLB |
| SRL16E       |    2 |                 CLB |
| USR_ACCESSE2 |    1 |              Others |
| PS8          |    1 |            Advanced |
| BUFG_PS      |    1 |               Clock |
+--------------+------+---------------------+


10. Black Boxes
---------------

+----------+------+
| Ref Name | Used |
+----------+------+


11. Instantiated Netlists
-------------------------

+----------+------+
| Ref Name | Used |
+----------+------+


